
> burger-tilin@0.1.0 build
> next build

▲ Next.js 16.1.6 (Turbopack)
- Environments: .env

  Creating an optimized production build ...
✓ Compiled successfully in 11.4s
  Running TypeScript ...
Failed to compile.

./src/app/ingredients/create-ingredient-form.tsx:26:5
Type error: Type 'Resolver<{ name: string; unit: string; cost: unknown; stock: unknown; minStock: unknown; }, any, { name: string; unit: string; cost: number; stock: number; minStock: number; }>' is not assignable to type 'Resolver<{ name: string; unit: string; cost: number; stock: number; minStock: number; }, any, { name: string; unit: string; cost: number; stock: number; minStock: number; }>'.
  Types of parameters 'options' and 'options' are incompatible.
    Type 'ResolverOptions<{ name: string; unit: string; cost: number; stock: number; minStock: number; }>' is not assignable to type 'ResolverOptions<{ name: string; unit: string; cost: unknown; stock: unknown; minStock: unknown; }>'.
      Type 'unknown' is not assignable to type 'number'.

[0m [90m 24 |[39m   [36mconst[39m [loading[33m,[39m setLoading] [33m=[39m useState([36mfalse[39m)[33m;[39m
 [90m 25 |[39m   [36mconst[39m form [33m=[39m useForm[33m<[39m[33mFormValues[39m[33m>[39m({
[31m[1m>[22m[39m[90m 26 |[39m     resolver[33m:[39m zodResolver(ingredientSchema)[33m,[39m
 [90m    |[39m     [31m[1m^[22m[39m
 [90m 27 |[39m     defaultValues[33m:[39m {
 [90m 28 |[39m       name[33m:[39m [32m""[39m[33m,[39m
 [90m 29 |[39m       unit[33m:[39m [32m"unidad"[39m[33m,[39m[0m
Next.js build worker exited with code: 1 and signal: null
