
> burger-tilin@0.1.0 build
> next build

▲ Next.js 16.1.6 (Turbopack)
- Environments: .env

  Creating an optimized production build ...
✓ Compiled successfully in 7.5s
  Running TypeScript ...
Failed to compile.

./src/app/analytics/sales-dashboard.tsx:166:21
Type error: Type '(value: number) => [string, "Ventas"]' is not assignable to type 'Formatter<number, "Ventas"> & ((value: number, name: "Ventas", item: Payload<number, "Ventas">, index: number, payload: Payload<number, "Ventas">[]) => ReactNode | [...])'.
  Type '(value: number) => [string, "Ventas"]' is not assignable to type 'Formatter<number, "Ventas">'.
    Types of parameters 'value' and 'value' are incompatible.
      Type 'number | undefined' is not assignable to type 'number'.
        Type 'undefined' is not assignable to type 'number'.

[0m [90m 164 |[39m                     }}
 [90m 165 |[39m                     itemStyle[33m=[39m{{ color[33m:[39m [32m"#fff"[39m }}
[31m[1m>[22m[39m[90m 166 |[39m                     formatter[33m=[39m{(value[33m:[39m number) [33m=>[39m [[32m`$${value}`[39m[33m,[39m [32m"Ventas"[39m]}
 [90m     |[39m                     [31m[1m^[22m[39m
 [90m 167 |[39m                   [33m/[39m[33m>[39m
 [90m 168 |[39m                   [33m<[39m[33mArea[39m
 [90m 169 |[39m                     type[33m=[39m[32m"monotone"[39m[0m
Next.js build worker exited with code: 1 and signal: null
