
> burger-tilin@0.1.0 build
> next build

▲ Next.js 16.1.6 (Turbopack)
- Environments: .env

  Creating an optimized production build ...
✓ Compiled successfully in 6.1s
  Running TypeScript ...
  Collecting page data using 15 workers ...
  Generating static pages using 15 workers (0/13) ...
  Generating static pages using 15 workers (3/13) 
  Generating static pages using 15 workers (6/13) 
  Generating static pages using 15 workers (9/13) 
✓ Generating static pages using 15 workers (13/13) in 1475.0ms
  Finalizing page optimization ...

Route (app)
┌ ○ /
├ ○ /_not-found
├ ○ /analytics
├ ○ /brain
├ ○ /customers
├ ○ /expenses
├ ○ /ingredients
├ ○ /inventory/predictions
├ ○ /kitchen
├ ○ /operations
├ ○ /products
└ ○ /sales/new


○  (Static)  prerendered as static content

